-------------------------------------------------------------------------------
Test set: bankapp.core.ProfileTest
-------------------------------------------------------------------------------
Tests run: 6, Failures: 0, Errors: 6, Skipped: 0, Time elapsed: 0.049 s <<< FAILURE! - in bankapp.core.ProfileTest
testSetPassword(bankapp.core.ProfileTest)  Time elapsed: 0.005 s  <<< ERROR!
java.lang.IllegalArgumentException: Password must contain at least 8 characters
	at bankapp.core.ProfileTest.setUp(ProfileTest.java:19)

testCreateAccount(bankapp.core.ProfileTest)  Time elapsed: 0.012 s  <<< ERROR!
java.lang.IllegalArgumentException: Password must contain at least 8 characters
	at bankapp.core.ProfileTest.setUp(ProfileTest.java:19)

testSetName(bankapp.core.ProfileTest)  Time elapsed: 0.004 s  <<< ERROR!
java.lang.IllegalArgumentException: Password must contain at least 8 characters
	at bankapp.core.ProfileTest.setUp(ProfileTest.java:19)

testSetTlf(bankapp.core.ProfileTest)  Time elapsed: 0.002 s  <<< ERROR!
java.lang.IllegalArgumentException: Password must contain at least 8 characters
	at bankapp.core.ProfileTest.setUp(ProfileTest.java:19)

testConstructor(bankapp.core.ProfileTest)  Time elapsed: 0.015 s  <<< ERROR!
java.lang.IllegalArgumentException: Password must contain at least 8 characters
	at bankapp.core.ProfileTest.setUp(ProfileTest.java:19)

testSetEmail(bankapp.core.ProfileTest)  Time elapsed: 0.011 s  <<< ERROR!
java.lang.IllegalArgumentException: Password must contain at least 8 characters
	at bankapp.core.ProfileTest.setUp(ProfileTest.java:19)

