-------------------------------------------------------------------------------
Test set: bankapp.core.ProfileTest
-------------------------------------------------------------------------------
Tests run: 2, Failures: 1, Errors: 0, Skipped: 0, Time elapsed: 0.003 s <<< FAILURE! - in bankapp.core.ProfileTest
checkTlfNumber(bankapp.core.ProfileTest)  Time elapsed: 0 s  <<< FAILURE!
java.lang.AssertionError: expected java.lang.IllegalArgumentException to be thrown, but nothing was thrown
	at bankapp.core.ProfileTest.checkTlfNumber(ProfileTest.java:26)

