<?xml version="1.0" encoding="UTF-8"?>
<testsuite xmlns:xsi="http://www.w3.org/2001/XMLSchema-instance" xsi:noNamespaceSchemaLocation="https://maven.apache.org/surefire/maven-surefire-plugin/xsd/surefire-test-report.xsd" name="bankapp.core.ProfileTest" time="0.049" tests="6" errors="6" skipped="0" failures="0">
  <properties>
[...]
</properties>
  <testcase name="testSetPassword" classname="bankapp.core.ProfileTest" time="0.005">
    <error message="Password must contain at least 8 characters" type="java.lang.IllegalArgumentException">java.lang.IllegalArgumentException: Password must contain at least 8 characters
	at bankapp.core.ProfileTest.setUp(ProfileTest.java:19)
</error>
    <system-out><![CDATA[[Ljava.lang.String;@40a4337a
ntnu,no
Your profile was made successfully!
[Ljava.lang.String;@5b12b668
ntnu,no
Your profile was made successfully!
[Ljava.lang.String;@1165b38
ntnu,no
]]></system-out>
  </testcase>
  <testcase name="testCreateAccount" classname="bankapp.core.ProfileTest" time="0.012">
    <error message="Password must contain at least 8 characters" type="java.lang.IllegalArgumentException">java.lang.IllegalArgumentException: Password must contain at least 8 characters
	at bankapp.core.ProfileTest.setUp(ProfileTest.java:19)
</error>
    <system-out><![CDATA[[Ljava.lang.String;@1a677343
ntnu,no
Your profile was made successfully!
[Ljava.lang.String;@15de0b3c
ntnu,no
Your profile was made successfully!
[Ljava.lang.String;@489115ef
ntnu,no
]]></system-out>
  </testcase>
  <testcase name="testSetName" classname="bankapp.core.ProfileTest" time="0.004">
    <error message="Password must contain at least 8 characters" type="java.lang.IllegalArgumentException">java.lang.IllegalArgumentException: Password must contain at least 8 characters
	at bankapp.core.ProfileTest.setUp(ProfileTest.java:19)
</error>
    <system-out><![CDATA[[Ljava.lang.String;@3857f613
ntnu,no
Your profile was made successfully!
[Ljava.lang.String;@198b6731
ntnu,no
Your profile was made successfully!
[Ljava.lang.String;@7c6908d7
ntnu,no
]]></system-out>
  </testcase>
  <testcase name="testSetTlf" classname="bankapp.core.ProfileTest" time="0.002">
    <error message="Password must contain at least 8 characters" type="java.lang.IllegalArgumentException">java.lang.IllegalArgumentException: Password must contain at least 8 characters
	at bankapp.core.ProfileTest.setUp(ProfileTest.java:19)
</error>
    <system-out><![CDATA[[Ljava.lang.String;@3c9754d8
ntnu,no
Your profile was made successfully!
[Ljava.lang.String;@3bf7ca37
ntnu,no
Your profile was made successfully!
[Ljava.lang.String;@79079097
ntnu,no
]]></system-out>
  </testcase>
  <testcase name="testConstructor" classname="bankapp.core.ProfileTest" time="0.015">
    <error message="Password must contain at least 8 characters" type="java.lang.IllegalArgumentException">java.lang.IllegalArgumentException: Password must contain at least 8 characters
	at bankapp.core.ProfileTest.setUp(ProfileTest.java:19)
</error>
    <system-out><![CDATA[[Ljava.lang.String;@4d1c00d0
ntnu,no
Your profile was made successfully!
[Ljava.lang.String;@4b2bac3f
ntnu,no
Your profile was made successfully!
[Ljava.lang.String;@4e08711f
ntnu,no
]]></system-out>
  </testcase>
  <testcase name="testSetEmail" classname="bankapp.core.ProfileTest" time="0.011">
    <error message="Password must contain at least 8 characters" type="java.lang.IllegalArgumentException">java.lang.IllegalArgumentException: Password must contain at least 8 characters
	at bankapp.core.ProfileTest.setUp(ProfileTest.java:19)
</error>
    <system-out><![CDATA[[Ljava.lang.String;@bcec361
ntnu,no
Your profile was made successfully!
[Ljava.lang.String;@26794848
ntnu,no
Your profile was made successfully!
[Ljava.lang.String;@302552ec
ntnu,no
]]></system-out>
  </testcase>
</testsuite>