<?xml version="1.0" encoding="UTF-8"?>
<testsuite xmlns:xsi="http://www.w3.org/2001/XMLSchema-instance" xsi:noNamespaceSchemaLocation="https://maven.apache.org/surefire/maven-surefire-plugin/xsd/surefire-test-report.xsd" name="bankapp.core.ProfileTest" time="0.029" tests="6" errors="6" skipped="0" failures="0">
  <properties>
[...]
</properties>
  <testcase name="testSetPassword" classname="bankapp.core.ProfileTest" time="0.004">
    <error message="Password must contain at least 8 characters" type="java.lang.IllegalArgumentException">java.lang.IllegalArgumentException: Password must contain at least 8 characters
	at bankapp.core.ProfileTest.setUp(ProfileTest.java:19)
</error>
    <system-out><![CDATA[[Ljava.lang.String;@1b68b9a4
ntnu,no
Your profile was made successfully!
[Ljava.lang.String;@971d0d8
ntnu,no
Your profile was made successfully!
[Ljava.lang.String;@51931956
ntnu,no
]]></system-out>
  </testcase>
  <testcase name="testCreateAccount" classname="bankapp.core.ProfileTest" time="0">
    <error message="Password must contain at least 8 characters" type="java.lang.IllegalArgumentException">java.lang.IllegalArgumentException: Password must contain at least 8 characters
	at bankapp.core.ProfileTest.setUp(ProfileTest.java:19)
</error>
    <system-out><![CDATA[[Ljava.lang.String;@41ee392b
ntnu,no
Your profile was made successfully!
[Ljava.lang.String;@1e67a849
ntnu,no
Your profile was made successfully!
[Ljava.lang.String;@57d5872c
ntnu,no
]]></system-out>
  </testcase>
  <testcase name="testSetName" classname="bankapp.core.ProfileTest" time="0.001">
    <error message="Password must contain at least 8 characters" type="java.lang.IllegalArgumentException">java.lang.IllegalArgumentException: Password must contain at least 8 characters
	at bankapp.core.ProfileTest.setUp(ProfileTest.java:19)
</error>
    <system-out><![CDATA[[Ljava.lang.String;@667a738
ntnu,no
Your profile was made successfully!
[Ljava.lang.String;@36f0f1be
ntnu,no
Your profile was made successfully!
[Ljava.lang.String;@157632c9
ntnu,no
]]></system-out>
  </testcase>
  <testcase name="testSetTlf" classname="bankapp.core.ProfileTest" time="0">
    <error message="Password must contain at least 8 characters" type="java.lang.IllegalArgumentException">java.lang.IllegalArgumentException: Password must contain at least 8 characters
	at bankapp.core.ProfileTest.setUp(ProfileTest.java:19)
</error>
    <system-out><![CDATA[[Ljava.lang.String;@6ee12bac
ntnu,no
Your profile was made successfully!
[Ljava.lang.String;@55040f2f
ntnu,no
Your profile was made successfully!
[Ljava.lang.String;@64c87930
ntnu,no
]]></system-out>
  </testcase>
  <testcase name="testConstructor" classname="bankapp.core.ProfileTest" time="0">
    <error message="Password must contain at least 8 characters" type="java.lang.IllegalArgumentException">java.lang.IllegalArgumentException: Password must contain at least 8 characters
	at bankapp.core.ProfileTest.setUp(ProfileTest.java:19)
</error>
    <system-out><![CDATA[[Ljava.lang.String;@400cff1a
ntnu,no
Your profile was made successfully!
[Ljava.lang.String;@275710fc
ntnu,no
Your profile was made successfully!
[Ljava.lang.String;@525f1e4e
ntnu,no
]]></system-out>
  </testcase>
  <testcase name="testSetEmail" classname="bankapp.core.ProfileTest" time="0.001">
    <error message="Password must contain at least 8 characters" type="java.lang.IllegalArgumentException">java.lang.IllegalArgumentException: Password must contain at least 8 characters
	at bankapp.core.ProfileTest.setUp(ProfileTest.java:19)
</error>
    <system-out><![CDATA[[Ljava.lang.String;@75f9eccc
ntnu,no
Your profile was made successfully!
[Ljava.lang.String;@52aa2946
ntnu,no
Your profile was made successfully!
[Ljava.lang.String;@4de5031f
ntnu,no
]]></system-out>
  </testcase>
</testsuite>